2025-06-02T00:32:26.907305 | Alex | SashaLis44 | 1545488158 | /start
2025-06-02T00:32:35.391237 | Alex | SashaLis44 | 1545488158 | ℹ️ Предложка
2025-06-02T00:32:43.446591 | Alex | SashaLis44 | 1545488158 | Пщаокосщво
2025-06-02T00:33:08.292231 | Alex | SashaLis44 | 1545488158 | 📦 Последние сорта
2025-06-02T00:33:12.965597 | Bot: ☕ <b>Колумбия Уила</b>
💰 879₽
🔗 <a href="https://shop.tastycoffee.ru/coffee/colombia-huila?back=%2Fcoffee%3Fpage%3D2">Ссылка</a>

ℹ️ <i>Сочный кофе с нотами красного яблока , тёмного винограда и какао</i>

Ноты вкуса: красного яблока, тёмного винограда, какао
2025-06-02T00:33:13.123234 | Bot: ☕ <b>Груз</b>
💰 799₽
🔗 <a href="https://shop.tastycoffee.ru/coffee/espresso-frutti?back=%2Fcoffee%3Fpage%3D2">Ссылка</a>

ℹ️ <i>Сладкий кофе с нотами абрикоса , молочного шоколада и сухофруктов</i>

Ноты вкуса: абрикоса, молочного шоколада, сухофруктов
2025-06-02T00:33:13.252685 | Bot: ☕ <b>Использование</b>
💰 589₽
🔗 <a href="https://shop.tastycoffee.ru/coffee/drip-coffee-berri?back=%2Fcoffee%3Fpage%3D2">Ссылка</a>

ℹ️ <i>Плотный кофе с нотами ореховой пасты , темных ягод и печенья</i>

Ноты вкуса: ореховой пасты, темных ягод, печенья
2025-06-02T00:33:13.389790 | Bot: ☕ <b>Эфиопия Гуджи</b>
💰 879₽
🔗 <a href="https://shop.tastycoffee.ru/coffee/ethiopia-guji-nat?back=%2Fcoffee%3Fpage%3D2">Ссылка</a>

ℹ️ <i>Сладкий кофе с нотами грейпфрута , тёмных ягод и молочного шоколада</i>

Ноты вкуса: грейпфрута, тёмных ягод, молочного шоколада
2025-06-02T00:33:13.570665 | Bot: ☕ <b>Клин Скин</b>
💰 719₽
🔗 <a href="https://shop.tastycoffee.ru/coffee/cleanskin?back=%2Fcoffee%3Fpage%3D2">Ссылка</a>

ℹ️ <i>Cleanskin — термин, пришедший из виноделия и означающий продажу излишков производства по сниженной цене</i>

Ноты вкуса: —
2025-06-02T00:33:20.210291 | Alex | SashaLis44 | 1545488158 | 📋 Список сортов
2025-06-02T00:33:23.113645 | Bot: Популярные сорта:
• Черный кофе
• Латте
• Карамельный латте
• Капучино
• Американо
• Эспрессо
• Маккиато
• Мокко
• Горячий шоколад
• Чай молоко
2025-06-02T00:34:21.504119 | Alex | SashaLis44 | 1545488158 | 🎲 Случайный кофе
2025-06-02T00:34:23.210434 | Alex | SashaLis44 | 1545488158 | 🎲 Случайный кофе
2025-06-02T00:34:23.426473 | Alex | SashaLis44 | 1545488158 | 🎲 Случайный кофе
2025-06-02T00:34:24.317259 | Bot: 🎲 <b>Капучино</b>

Капучино - это латте, приготовленный из большего количества пены, чем на пару, часто с мусором какао -порошка или корицы сверху. Иногда вы можете найти вариации, которые используют крема вместо молока или те, которые также добавляют ароматы.
2025-06-02T00:34:24.454664 | Bot: 🎲 <b>Чокота молоко</b>

Кофе латте с шоколадным сиропом
2025-06-02T00:34:24.607934 | Bot: 🎲 <b>Чокота молоко</b>

Кофе латте с шоколадным сиропом
2025-06-02T00:34:26.623127 | Alex | SashaLis44 | 1545488158 | 🎲 Случайный кофе
2025-06-02T00:34:26.853229 | Alex | SashaLis44 | 1545488158 | 🎲 Случайный кофе
2025-06-02T00:34:27.155068 | Alex | SashaLis44 | 1545488158 | 🎲 Случайный кофе
2025-06-02T00:34:27.827603 | Bot: 🎲 <b>Чай молоко</b>

Если вы ищете вкусный горячий напиток в середине зимы, выберите Chai Latte. Сочетание кардамона и корицы дает прекрасный вкус.
2025-06-02T00:34:28.163604 | Bot: 🎲 <b>Чокота молоко</b>

Кофе латте с шоколадным сиропом
2025-06-02T00:34:29.479977 | Alex | SashaLis44 | 1545488158 | 🎲 Случайный кофе
2025-06-02T00:34:29.837169 | Bot: 🎲 <b>Мокко</b>

Для всех любителей шоколада вы влюбитесь в мокко. Mocha - это шоколадный отпечаток с отпечатками с молоком и пеной на пару.
2025-06-02T00:34:29.837169 | Alex | SashaLis44 | 1545488158 | 🎲 Случайный кофе
2025-06-02T00:34:30.163536 | Alex | SashaLis44 | 1545488158 | 🎲 Случайный кофе
2025-06-02T00:34:30.665763 | Bot: 🎲 <b>Капучино</b>

Капучино - это латте, приготовленный из большего количества пены, чем на пару, часто с мусором какао -порошка или корицы сверху. Иногда вы можете найти вариации, которые используют крема вместо молока или те, которые также добавляют ароматы.
2025-06-02T00:34:32.276413 | Bot: 🎲 <b>Лимонад</b>

Был известен в Париже, а затем стал очень популярным по всей Европе. Этот сладкий, бесцветный, газированный напиток изготовлен путем смешивания лимонного сока и газированной воды.
2025-06-02T00:34:33.941966 | Bot: 🎲 <b>Литте из фундука</b>

Латте кофе с шоколадным сиропом и фундуками
