2025-06-01T19:03:54.430821 | 5071431292 | @markodeadly | 📦 Последние сорта
2025-06-01T19:04:01.818778 | 5071431292 | @markodeadly | 📦 Последние сорта
2025-06-01T19:04:02.113612 | 5071431292 | @markodeadly | 📦 Последние сорта
2025-06-01T19:04:02.371085 | 5071431292 | @markodeadly | 📦 Последние сорта
2025-06-01T19:04:02.553432 | 5071431292 | @markodeadly | 📦 Последние сорта
2025-06-01T19:04:13.114598 | 5071431292 | @markodeadly | ℹ️ О кофе
2025-06-01T19:04:13.506855 | Bot: Кофе — напиток из обжаренных зёрен. Повышает бодрость, улучшает настроение, популярен во всём мире.
2025-06-01T19:04:19.415683 | 5071431292 | @markodeadly | ☕ Советы
2025-06-01T19:04:19.606866 | Bot: 1. Используйте свежемолотый кофе.
2. Температура воды — 92‑96°C.
3. Не заливайте кипятком — горечь!
4. Пропорция: 60 г кофе на литр воды.
5. Экспериментируйте с помолом.
2025-06-01T19:04:24.557498 | 5071431292 | @markodeadly | 📦 Последние сорта
2025-06-01T19:04:26.985328 | 5071431292 | @markodeadly | 🎲 Случайный кофе
2025-06-01T19:04:33.509933 | 5071431292 | @markodeadly | 📋 Список сортов
2025-06-01T19:04:38.879381 | 5071431292 | @markodeadly | ℹ️ О кофе
2025-06-01T19:04:39.134602 | Bot: Кофе — напиток из обжаренных зёрен. Повышает бодрость, улучшает настроение, популярен во всём мире.
2025-06-01T19:04:39.296180 | 5071431292 | @markodeadly | ☕ Советы
2025-06-01T19:04:39.466368 | Bot: 1. Используйте свежемолотый кофе.
2. Температура воды — 92‑96°C.
3. Не заливайте кипятком — горечь!
4. Пропорция: 60 г кофе на литр воды.
5. Экспериментируйте с помолом.
2025-06-01T19:04:41.740680 | 5071431292 | @markodeadly | 📦 Последние сорта
2025-06-01T19:04:42.195935 | 5071431292 | @markodeadly | 🎲 Случайный кофе
2025-06-01T19:04:42.607231 | 5071431292 | @markodeadly | 🧪 Подбор по вкусам
2025-06-01T19:04:42.964761 | 5071431292 | @markodeadly | 📋 Список сортов
2025-06-01T19:04:48.642092 | Bot: 🎲 <b>Islatte</b>

Iced latte är en kyld kaffedryck som görs genom att blanda espresso och kyld mjölk. Den serveras med isbitar och är även känd som cafè latte iced eller latte on the rocks.
2025-06-01T19:05:03.603491 | Bot: 🎲 <b>Macchiato</b>

Macchiaton är en annan espresso-baserad dryck som har en liten mängd skum på toppen. Det är det glada mellanrummet mellan en cappuccino och en doppio.
