2025-06-02T00:02:07.012843 | TL.Kr | TL_Kra | 5005273747 | 📦 Последние сорта
2025-06-02T00:02:09.922971 | Bot: ☕ <b>Колумбия Уила</b>
💰 879₽
🔗 <a href="https://shop.tastycoffee.ru/coffee/colombia-huila?back=%2Fcoffee%3Fpage%3D2">Ссылка</a>

ℹ️ <i>Сочный кофе с нотами красного яблока , тёмного винограда и какао</i>

Ноты вкуса: красного яблока, тёмного винограда, какао
2025-06-02T00:02:10.043333 | Bot: ☕ <b>Груз</b>
💰 799₽
🔗 <a href="https://shop.tastycoffee.ru/coffee/espresso-frutti?back=%2Fcoffee%3Fpage%3D2">Ссылка</a>

ℹ️ <i>Сладкий кофе с нотами абрикоса , молочного шоколада и сухофруктов</i>

Ноты вкуса: абрикоса, молочного шоколада, сухофруктов
2025-06-02T00:02:10.187100 | Bot: ☕ <b>Использование</b>
💰 589₽
🔗 <a href="https://shop.tastycoffee.ru/coffee/drip-coffee-berri?back=%2Fcoffee%3Fpage%3D2">Ссылка</a>

ℹ️ <i>Плотный кофе с нотами ореховой пасты , темных ягод и печенья</i>

Ноты вкуса: ореховой пасты, темных ягод, печенья
2025-06-02T00:02:10.346799 | Bot: ☕ <b>Эфиопия Гуджи</b>
💰 879₽
🔗 <a href="https://shop.tastycoffee.ru/coffee/ethiopia-guji-nat?back=%2Fcoffee%3Fpage%3D2">Ссылка</a>

ℹ️ <i>Сладкий кофе с нотами грейпфрута , тёмных ягод и молочного шоколада</i>

Ноты вкуса: грейпфрута, тёмных ягод, молочного шоколада
2025-06-02T00:02:10.489954 | Bot: ☕ <b>Клин Скин</b>
💰 719₽
🔗 <a href="https://shop.tastycoffee.ru/coffee/cleanskin?back=%2Fcoffee%3Fpage%3D2">Ссылка</a>

ℹ️ <i>Cleanskin — термин, пришедший из виноделия и означающий продажу излишков производства по сниженной цене</i>

Ноты вкуса: —
2025-06-02T00:02:13.160919 | TL.Kr | TL_Kra | 5005273747 | 🎲 Случайный кофе
2025-06-02T00:02:15.272037 | Bot: 🎲 <b>Горячий шоколад</b>

В холодные зимние дни чашка горячего шоколада заставляет вас чувствовать себя комфортно и счастливы. Это также заставляет вас чувствовать себя хорошо, потому что он содержит энергичный кофеин.
2025-06-02T00:02:21.769266 | TL.Kr | TL_Kra | 5005273747 | ☕ Советы
2025-06-02T00:02:21.983717 | Bot: 1. Используйте свежемолотый кофе.
2. Температура воды — 92‑96°C.
3. Не заливайте кипятком — горечь!
4. Пропорция: 60 г кофе на литр воды.
5. Экспериментируйте с помолом.
2025-06-02T00:02:55.470564 | TL.Kr | TL_Kra | 5005273747 | 🎲 Случайный кофе
2025-06-02T00:02:58.376452 | Bot: 🎲 <b>Черный чай</b>

Черный чай родился в Китае. Он изготовлен из листьев растения под названием Camellia и может быть по -разному ароматизируется фруктами. Хороший, теплый, со вкусом и ароматный напиток, который подходит для повседневной жизни.
2025-06-02T00:03:14.314167 | TL.Kr | TL_Kra | 5005273747 | 📋 Список сортов
2025-06-02T00:03:17.410705 | Bot: Популярные сорта:
• Черный кофе
• Латте
• Карамельный латте
• Капучино
• Американо
• Эспрессо
• Маккиато
• Мокко
• Горячий шоколад
• Чай молоко
2025-06-02T00:05:41.258893 | TL.Kr | TL_Kra | 5005273747 | 🧪 Подбор по вкусам
2025-06-02T00:06:12.717316 | TL.Kr | TL_Kra | 5005273747 | красного яблока
2025-06-02T00:07:07.614254 | Bot: Совпадений не найдено.
2025-06-02T00:28:37.612509 | TL.Kr | TL_Kra | 5005273747 | /start
2025-06-02T00:28:43.543066 | TL.Kr | TL_Kra | 5005273747 | 🧪 Подбор по вкусам
2025-06-02T00:29:04.736704 | TL.Kr | TL_Kra | 5005273747 | листа смородины
2025-06-02T00:30:03.800897 | Bot: ☕ <b>Индонезия Суматра Гайо</b>
Вкусы: шиповника, мандарина, листа смородины
💰 Цена: 919₽
ℹ️ <i>Яркий кофе со вкусом шиповника , мандарина и листа смородины</i>

🔗 <a href="https://shop.tastycoffee.ru/coffee/sumatra-pilihan?back=%2Fcoffee%3Fpage%3D3">Ссылка</a>
2025-06-02T00:30:05.596485 | Bot: ☕ <b>Индонезия Суматра Гайо</b>
Вкусы: шиповника, мандарина, листа смородины
💰 Цена: 3079₽
ℹ️ <i>Яркий кофе со вкусом шиповника , мандарина и листа смородины</i>

🔗 <a href="https://shop.tastycoffee.ru/coffee/drip-coffee-indonesia-sumatra-gayo-50?back=%2Fcoffee%3Fpage%3D6">Ссылка</a>
2025-06-02T00:30:05.757006 | Bot: ☕ <b>Индонезия Ява Атик</b>
Вкусы: шиповника, цедры лимона, листа смородины
💰 Цена: 899₽
ℹ️ <i>Сочный кофе с нотами шиповника , цедры лимона и листа смородины</i>

🔗 <a href="https://shop.tastycoffee.ru/coffee/espresso-indonesia-java-atik?back=%2Fcoffee%3Fpage%3D7">Ссылка</a>
2025-06-02T00:30:05.964898 | Bot: ☕ <b>Руанда Анибалаган</b>
Вкусы: изюма, грейпфрута, листа смородины
💰 Цена: 749₽
ℹ️ <i>Сочный кофе с нотами изюма , грейпфрута и листа смородины</i>

🔗 <a href="https://shop.tastycoffee.ru/coffee/drip-coffee-rwanda-anbalagan?back=%2Fcoffee%3Fpage%3D7">Ссылка</a>
2025-06-02T00:30:06.157287 | Bot: ☕ <b>Гватемала Финка Медина</b>
Вкусы: джема из яблок, абрикоса, листа смородины, чёрного чая
💰 Цена: 949₽
ℹ️ <i>Сочный кофе с нотами джема из яблок , абрикоса , листа смородины и чёрного чая</i>

🔗 <a href="https://shop.tastycoffee.ru/coffee/espresso-guatemala-finca-medina?back=%2Fcoffee%3Fpage%3D9">Ссылка</a>
2025-06-02T00:39:45.745557 | TL.Kr | TL_Kra | 5005273747 | /start
2025-06-02T00:39:47.588766 | TL.Kr | TL_Kra | 5005273747 | /start
2025-06-02T00:39:49.895131 | TL.Kr | TL_Kra | 5005273747 | 🧪 Подбор по вкусам
2025-06-02T00:40:05.605171 | TL.Kr | TL_Kra | 5005273747 | листа смородины, джема из смородины
2025-06-02T00:41:01.464112 | Bot: Совпадений не найдено.
2025-06-02T00:41:29.756052 | TL.Kr | TL_Kra | 5005273747 | /start
2025-06-02T00:42:26.865913 | TL.Kr | TL_Kra | 5005273747 | /start
2025-06-02T00:42:28.639291 | TL.Kr | TL_Kra | 5005273747 | /start
2025-06-02T00:42:30.439609 | TL.Kr | TL_Kra | 5005273747 | 🧪 Подбор по вкусам
2025-06-02T00:42:47.846571 | TL.Kr | TL_Kra | 5005273747 | грейпфрута, тёмных ягод
2025-06-02T00:43:46.351279 | Bot: ☕ <b>Эфиопия Гуджи</b>
Вкусы: грейпфрута, тёмных ягод, молочного шоколада
💰 Цена: 879₽
ℹ️ <i>Сладкий кофе с нотами грейпфрута , тёмных ягод и молочного шоколада</i>

🔗 <a href="https://shop.tastycoffee.ru/coffee/ethiopia-guji-nat?back=%2Fcoffee%3Fpage%3D2">Ссылка</a>
2025-06-02T00:43:48.254345 | Bot: ☕ <b>Эфиопия Гуджи</b>
Вкусы: грейпфрута, тёмных ягод, молочного шоколада
💰 Цена: 449₽
ℹ️ <i>Сладкий кофе с нотами грейпфрута , тёмных ягод и молочного шоколада</i>

🔗 <a href="https://shop.tastycoffee.ru/coffee/capsules-ethiopia-guji-al?back=%2Fcoffee%3Fpage%3D3">Ссылка</a>
