2025-06-01T15:18:37.147418 | User 5071431292 (ʙrᴏᴋᴇn_Drᴇᴀʍ | @markodeadly) | Message: /latest_coffee
2025-06-01T15:18:37.558265 | Bot sent: 🔍 Получаем последние 5 сортов кофе...
2025-06-01T15:18:39.566048 | Bot sent: ℹ️ Не удалось найти товары на странице.
2025-06-01T15:48:20.220659 | User 5071431292 (ʙrᴏᴋᴇn_Drᴇᴀʍ | @markodeadly) | Message: /latest_coffee
2025-06-01T15:48:20.610146 | Bot sent: 🔍 Получаем последние 5 сортов кофе…
2025-06-01T15:48:21.843692 | Bot sent: ☕ <b>Колумбия Уила</b>
🔗 <a href="https://shop.tastycoffee.ru/coffee/colombia-huila?back=%2Fcoffee%3Fpage%3D2">Перейти на товар</a>

ℹ️ <i>Сочный кофе с нотами красного яблока , тёмного винограда и какао</i>

Ноты вкуса: красного яблока, тёмного винограда, какао
2025-06-01T15:48:22.022506 | Bot sent: ☕ <b>Фрутти</b>
🔗 <a href="https://shop.tastycoffee.ru/coffee/espresso-frutti?back=%2Fcoffee%3Fpage%3D2">Перейти на товар</a>

ℹ️ <i>Сладкий кофе с нотами абрикоса , молочного шоколада и сухофруктов</i>

Ноты вкуса: абрикоса, молочного шоколада, сухофруктов
2025-06-01T15:48:22.250969 | Bot sent: ☕ <b>Бэрри</b>
🔗 <a href="https://shop.tastycoffee.ru/coffee/drip-coffee-berri?back=%2Fcoffee%3Fpage%3D2">Перейти на товар</a>

ℹ️ <i>Плотный кофе с нотами ореховой пасты , темных ягод и печенья</i>

Ноты вкуса: ореховой пасты, темных ягод, печенья
2025-06-01T15:48:22.470874 | Bot sent: ☕ <b>Эфиопия Гуджи</b>
🔗 <a href="https://shop.tastycoffee.ru/coffee/ethiopia-guji-nat?back=%2Fcoffee%3Fpage%3D2">Перейти на товар</a>

ℹ️ <i>Сладкий кофе с нотами грейпфрута , тёмных ягод и молочного шоколада</i>

Ноты вкуса: грейпфрута, тёмных ягод, молочного шоколада
2025-06-01T15:48:22.641895 | Bot sent: ☕ <b>Клин Скин</b>
🔗 <a href="https://shop.tastycoffee.ru/coffee/cleanskin?back=%2Fcoffee%3Fpage%3D2">Перейти на товар</a>

ℹ️ <i>Cleanskin — термин, пришедший из виноделия и означающий продажу излишков производства по сниженной цене</i>

Ноты вкуса: —
