2025-06-01T22:37:13.593612 | สrแดแดแดn_Drแดแดส | markodeadly | 5071431292 | ๐ฆ ะะพัะปะตะดะฝะธะต ัะพััะฐ
2025-06-01T22:37:15.086983 | Bot: โ <b>ะะพะปัะผะฑะธั ะฃะธะปะฐ</b>
๐ฐ โ
๐ <a href="https://shop.tastycoffee.ru/coffee/colombia-huila?back=%2Fcoffee%3Fpage%3D2">ะกััะปะบะฐ</a>
2025-06-01T22:37:15.382579 | Bot: โ <b>ะคััััะธ</b>
๐ฐ โ
๐ <a href="https://shop.tastycoffee.ru/coffee/espresso-frutti?back=%2Fcoffee%3Fpage%3D2">ะกััะปะบะฐ</a>
2025-06-01T22:37:15.615716 | Bot: โ <b>ะัััะธ</b>
๐ฐ โ
๐ <a href="https://shop.tastycoffee.ru/coffee/drip-coffee-berri?back=%2Fcoffee%3Fpage%3D2">ะกััะปะบะฐ</a>
2025-06-01T22:37:15.766464 | Bot: โ <b>ะญัะธะพะฟะธั ะัะดะถะธ</b>
๐ฐ โ
๐ <a href="https://shop.tastycoffee.ru/coffee/ethiopia-guji-nat?back=%2Fcoffee%3Fpage%3D2">ะกััะปะบะฐ</a>
2025-06-01T22:37:15.902848 | Bot: โ <b>ะะปะธะฝ ะกะบะธะฝ</b>
๐ฐ โ
๐ <a href="https://shop.tastycoffee.ru/coffee/cleanskin?back=%2Fcoffee%3Fpage%3D2">ะกััะปะบะฐ</a>
2025-06-01T22:38:59.899584 | สrแดแดแดn_Drแดแดส | markodeadly | 5071431292 | ๐ฆ ะะพัะปะตะดะฝะธะต ัะพััะฐ
2025-06-01T22:39:01.098626 | Bot: โ <b>ะะพะปัะผะฑะธั ะฃะธะปะฐ</b>
๐ฐ 879โฝ
๐ <a href="https://shop.tastycoffee.ru/coffee/colombia-huila?back=%2Fcoffee%3Fpage%3D2">ะกััะปะบะฐ</a>
2025-06-01T22:39:01.274564 | Bot: โ <b>ะคััััะธ</b>
๐ฐ 799โฝ
๐ <a href="https://shop.tastycoffee.ru/coffee/espresso-frutti?back=%2Fcoffee%3Fpage%3D2">ะกััะปะบะฐ</a>
2025-06-01T22:39:01.434715 | Bot: โ <b>ะัััะธ</b>
๐ฐ 589โฝ
๐ <a href="https://shop.tastycoffee.ru/coffee/drip-coffee-berri?back=%2Fcoffee%3Fpage%3D2">ะกััะปะบะฐ</a>
2025-06-01T22:39:01.597208 | Bot: โ <b>ะญัะธะพะฟะธั ะัะดะถะธ</b>
๐ฐ 879โฝ
๐ <a href="https://shop.tastycoffee.ru/coffee/ethiopia-guji-nat?back=%2Fcoffee%3Fpage%3D2">ะกััะปะบะฐ</a>
2025-06-01T22:39:02.075003 | Bot: โ <b>ะะปะธะฝ ะกะบะธะฝ</b>
๐ฐ 719โฝ
๐ <a href="https://shop.tastycoffee.ru/coffee/cleanskin?back=%2Fcoffee%3Fpage%3D2">ะกััะปะบะฐ</a>
2025-06-01T22:41:44.646590 | สrแดแดแดn_Drแดแดส | markodeadly | 5071431292 | ๐ฆ ะะพัะปะตะดะฝะธะต ัะพััะฐ
2025-06-01T22:41:47.804225 | Bot: โ <b>ะะพะปัะผะฑะธั ะฃะธะปะฐ</b>
๐ฐ 879โฝ
๐ <a href="https://shop.tastycoffee.ru/coffee/colombia-huila?back=%2Fcoffee%3Fpage%3D2">ะกััะปะบะฐ</a>

โน๏ธ <i>ะกะพัะฝัะน ะบะพัะต ั ะฝะพัะฐะผะธ ะบัะฐัะฝะพะณะพยัะฑะปะพะบะฐ , ััะผะฝะพะณะพยะฒะธะฝะพะณัะฐะดะฐ ะธ ะบะฐะบะฐะพ</i>

ะะพัั ะฒะบััะฐ: ะบัะฐัะฝะพะณะพยัะฑะปะพะบะฐ, ััะผะฝะพะณะพยะฒะธะฝะพะณัะฐะดะฐ, ะบะฐะบะฐะพ
2025-06-01T22:41:47.996350 | Bot: โ <b>ะััะท</b>
๐ฐ 799โฝ
๐ <a href="https://shop.tastycoffee.ru/coffee/espresso-frutti?back=%2Fcoffee%3Fpage%3D2">ะกััะปะบะฐ</a>

โน๏ธ <i>ะกะปะฐะดะบะธะน ะบะพัะต ั ะฝะพัะฐะผะธ ะฐะฑัะธะบะพัะฐ , ะผะพะปะพัะฝะพะณะพยัะพะบะพะปะฐะดะฐ ะธ ัััะพัััะบัะพะฒ</i>

ะะพัั ะฒะบััะฐ: ะฐะฑัะธะบะพัะฐ, ะผะพะปะพัะฝะพะณะพยัะพะบะพะปะฐะดะฐ, ัััะพัััะบัะพะฒ
2025-06-01T22:41:48.251991 | Bot: โ <b>ะัะฟะพะปัะทะพะฒะฐะฝะธะต</b>
๐ฐ 589โฝ
๐ <a href="https://shop.tastycoffee.ru/coffee/drip-coffee-berri?back=%2Fcoffee%3Fpage%3D2">ะกััะปะบะฐ</a>

โน๏ธ <i>ะะปะพัะฝัะน ะบะพัะต ั ะฝะพัะฐะผะธ ะพัะตัะพะฒะพะนยะฟะฐััั , ัะตะผะฝััยัะณะพะด ะธ ะฟะตัะตะฝัั</i>

ะะพัั ะฒะบััะฐ: ะพัะตัะพะฒะพะนยะฟะฐััั, ัะตะผะฝััยัะณะพะด, ะฟะตัะตะฝัั
2025-06-01T22:41:48.426927 | Bot: โ <b>ะญัะธะพะฟะธั ะัะดะถะธ</b>
๐ฐ 879โฝ
๐ <a href="https://shop.tastycoffee.ru/coffee/ethiopia-guji-nat?back=%2Fcoffee%3Fpage%3D2">ะกััะปะบะฐ</a>

โน๏ธ <i>ะกะปะฐะดะบะธะน ะบะพัะต ั ะฝะพัะฐะผะธ ะณัะตะนะฟััััะฐ , ััะผะฝััยัะณะพะด ะธ ะผะพะปะพัะฝะพะณะพยัะพะบะพะปะฐะดะฐ</i>

ะะพัั ะฒะบััะฐ: ะณัะตะนะฟััััะฐ, ััะผะฝััยัะณะพะด, ะผะพะปะพัะฝะพะณะพยัะพะบะพะปะฐะดะฐ
2025-06-01T22:41:48.602413 | Bot: โ <b>ะะปะธะฝ ะกะบะธะฝ</b>
๐ฐ 719โฝ
๐ <a href="https://shop.tastycoffee.ru/coffee/cleanskin?back=%2Fcoffee%3Fpage%3D2">ะกััะปะบะฐ</a>

โน๏ธ <i>Cleanskin โ ัะตัะผะธะฝ, ะฟัะธัะตะดัะธะน ะธะท ะฒะธะฝะพะดะตะปะธั ะธ ะพะทะฝะฐัะฐััะธะน ะฟัะพะดะฐะถั ะธะทะปะธัะบะพะฒ ะฟัะพะธะทะฒะพะดััะฒะฐ ะฟะพ ัะฝะธะถะตะฝะฝะพะน ัะตะฝะต</i>

ะะพัั ะฒะบััะฐ: โ
