2025-05-31 23:20:35,559 - Start polling
2025-05-31 23:20:35,892 - Run polling for bot @vega_for_marko_bot id=7573240108 - 'V.E.G.A.'
2025-05-31 23:21:03,061 - \u0299r\u1d0f\u1d0b\u1d07n_Dr\u1d07\u1d00\u028d (5071431292): /start
2025-05-31 23:21:03,061 - Update id=144018462 is handled. Duration 0 ms by bot id=7573240108
2025-05-31 23:22:43,496 - \u0299r\u1d0f\u1d0b\u1d07n_Dr\u1d07\u1d00\u028d (5071431292): help
2025-05-31 23:22:43,496 - Update id=144018463 is handled. Duration 0 ms by bot id=7573240108
2025-05-31 23:22:49,373 - \u0299r\u1d0f\u1d0b\u1d07n_Dr\u1d07\u1d00\u028d (5071431292): about
2025-05-31 23:22:49,373 - Update id=144018464 is handled. Duration 0 ms by bot id=7573240108
2025-05-31 23:33:19,847 - Start polling
2025-05-31 23:33:20,160 - Run polling for bot @vega_for_marko_bot id=7573240108 - 'V.E.G.A.'
2025-05-31 23:33:35,726 - \u0299r\u1d0f\u1d0b\u1d07n_Dr\u1d07\u1d00\u028d (5071431292): /start
2025-05-31 23:33:35,729 - Update id=144018465 is handled. Duration 0 ms by bot id=7573240108
2025-05-31 23:34:12,594 - Start polling
2025-05-31 23:34:12,894 - Run polling for bot @vega_for_marko_bot id=7573240108 - 'V.E.G.A.'
2025-05-31 23:34:18,824 - \u0299r\u1d0f\u1d0b\u1d07n_Dr\u1d07\u1d00\u028d (5071431292): /start
2025-05-31 23:34:18,824 - Update id=144018466 is handled. Duration 0 ms by bot id=7573240108
2025-05-31 23:34:21,059 - \u0299r\u1d0f\u1d0b\u1d07n_Dr\u1d07\u1d00\u028d (5071431292): /start
2025-05-31 23:34:21,059 - Update id=144018467 is handled. Duration 0 ms by bot id=7573240108
2025-05-31 23:34:23,966 - \u0299r\u1d0f\u1d0b\u1d07n_Dr\u1d07\u1d00\u028d (5071431292): /start
2025-05-31 23:34:23,966 - Update id=144018468 is handled. Duration 0 ms by bot id=7573240108
2025-05-31 23:34:42,584 - \u0299r\u1d0f\u1d0b\u1d07n_Dr\u1d07\u1d00\u028d (5071431292): /ip
2025-05-31 23:34:42,584 - Update id=144018469 is handled. Duration 0 ms by bot id=7573240108
2025-05-31 23:35:01,635 - \u0299r\u1d0f\u1d0b\u1d07n_Dr\u1d07\u1d00\u028d (5071431292): /ip 192.168.1.1
2025-05-31 23:35:01,635 - Update id=144018470 is handled. Duration 0 ms by bot id=7573240108
2025-05-31 23:37:59,254 - Start polling
2025-05-31 23:37:59,567 - Run polling for bot @vega_for_marko_bot id=7573240108 - 'V.E.G.A.'
2025-05-31 23:38:06,224 - \u0299r\u1d0f\u1d0b\u1d07n_Dr\u1d07\u1d00\u028d (5071431292): /start
2025-05-31 23:38:06,531 - Update id=144018471 is handled. Duration 312 ms by bot id=7573240108
2025-05-31 23:38:16,518 - \u0299r\u1d0f\u1d0b\u1d07n_Dr\u1d07\u1d00\u028d (5071431292): pressed get_news
2025-05-31 23:38:16,955 - Update id=144018472 is handled. Duration 436 ms by bot id=7573240108
2025-05-31 23:38:19,125 - \u0299r\u1d0f\u1d0b\u1d07n_Dr\u1d07\u1d00\u028d (5071431292): pressed check_ip
2025-05-31 23:38:19,367 - Update id=144018473 is handled. Duration 250 ms by bot id=7573240108
2025-05-31 23:38:32,078 - \u0299r\u1d0f\u1d0b\u1d07n_Dr\u1d07\u1d00\u028d (5071431292): /ip 82.179.12.5
2025-05-31 23:38:32,997 - Update id=144018474 is handled. Duration 906 ms by bot id=7573240108
2025-05-31 23:38:37,668 - \u0299r\u1d0f\u1d0b\u1d07n_Dr\u1d07\u1d00\u028d (5071431292): pressed about
2025-05-31 23:38:37,917 - Update id=144018475 is handled. Duration 250 ms by bot id=7573240108
2025-05-31 23:38:40,721 - \u0299r\u1d0f\u1d0b\u1d07n_Dr\u1d07\u1d00\u028d (5071431292): pressed help
2025-05-31 23:38:40,831 - Update id=144018476 is not handled. Duration 125 ms by bot id=7573240108
2025-05-31 23:38:40,831 - Cause exception while process update id=144018476 by bot id=7573240108
TelegramBadRequest: Telegram server says - Bad Request: can't parse entities: Unsupported start tag "ip" at byte offset 148
Traceback (most recent call last):
  File "C:\Users\vladk\AppData\Local\Packages\PythonSoftwareFoundation.Python.3.11_qbz5n2kfra8p0\LocalCache\local-packages\Python311\site-packages\aiogram\dispatcher\dispatcher.py", line 309, in _process_update
    response = await self.feed_update(bot, update, **kwargs)
               ^^^^^^^^^^^^^^^^^^^^^^^^^^^^^^^^^^^^^^^^^^^^^
  File "C:\Users\vladk\AppData\Local\Packages\PythonSoftwareFoundation.Python.3.11_qbz5n2kfra8p0\LocalCache\local-packages\Python311\site-packages\aiogram\dispatcher\dispatcher.py", line 158, in feed_update
    response = await self.update.wrap_outer_middleware(
               ^^^^^^^^^^^^^^^^^^^^^^^^^^^^^^^^^^^^^^^^
  File "C:\Users\vladk\AppData\Local\Packages\PythonSoftwareFoundation.Python.3.11_qbz5n2kfra8p0\LocalCache\local-packages\Python311\site-packages\aiogram\dispatcher\middlewares\error.py", line 25, in __call__
    return await handler(event, data)
           ^^^^^^^^^^^^^^^^^^^^^^^^^^
  File "C:\Users\vladk\AppData\Local\Packages\PythonSoftwareFoundation.Python.3.11_qbz5n2kfra8p0\LocalCache\local-packages\Python311\site-packages\aiogram\dispatcher\middlewares\user_context.py", line 56, in __call__
    return await handler(event, data)
           ^^^^^^^^^^^^^^^^^^^^^^^^^^
  File "C:\Users\vladk\AppData\Local\Packages\PythonSoftwareFoundation.Python.3.11_qbz5n2kfra8p0\LocalCache\local-packages\Python311\site-packages\aiogram\fsm\middleware.py", line 42, in __call__
    return await handler(event, data)
           ^^^^^^^^^^^^^^^^^^^^^^^^^^
  File "C:\Users\vladk\AppData\Local\Packages\PythonSoftwareFoundation.Python.3.11_qbz5n2kfra8p0\LocalCache\local-packages\Python311\site-packages\aiogram\dispatcher\event\telegram.py", line 121, in trigger
    return await wrapped_inner(event, kwargs)
           ^^^^^^^^^^^^^^^^^^^^^^^^^^^^^^^^^^
  File "C:\Users\vladk\AppData\Local\Packages\PythonSoftwareFoundation.Python.3.11_qbz5n2kfra8p0\LocalCache\local-packages\Python311\site-packages\aiogram\dispatcher\event\handler.py", line 43, in call
    return await wrapped()
           ^^^^^^^^^^^^^^^
  File "C:\Users\vladk\AppData\Local\Packages\PythonSoftwareFoundation.Python.3.11_qbz5n2kfra8p0\LocalCache\local-packages\Python311\site-packages\aiogram\dispatcher\dispatcher.py", line 276, in _listen_update
    return await self.propagate_event(update_type=update_type, event=event, **kwargs)
           ^^^^^^^^^^^^^^^^^^^^^^^^^^^^^^^^^^^^^^^^^^^^^^^^^^^^^^^^^^^^^^^^^^^^^^^^^^
  File "C:\Users\vladk\AppData\Local\Packages\PythonSoftwareFoundation.Python.3.11_qbz5n2kfra8p0\LocalCache\local-packages\Python311\site-packages\aiogram\dispatcher\router.py", line 146, in propagate_event
    return await observer.wrap_outer_middleware(_wrapped, event=event, data=kwargs)
           ^^^^^^^^^^^^^^^^^^^^^^^^^^^^^^^^^^^^^^^^^^^^^^^^^^^^^^^^^^^^^^^^^^^^^^^^
  File "C:\Users\vladk\AppData\Local\Packages\PythonSoftwareFoundation.Python.3.11_qbz5n2kfra8p0\LocalCache\local-packages\Python311\site-packages\aiogram\dispatcher\router.py", line 141, in _wrapped
    return await self._propagate_event(
           ^^^^^^^^^^^^^^^^^^^^^^^^^^^^
  File "C:\Users\vladk\AppData\Local\Packages\PythonSoftwareFoundation.Python.3.11_qbz5n2kfra8p0\LocalCache\local-packages\Python311\site-packages\aiogram\dispatcher\router.py", line 166, in _propagate_event
    response = await observer.trigger(event, **kwargs)
               ^^^^^^^^^^^^^^^^^^^^^^^^^^^^^^^^^^^^^^^
  File "C:\Users\vladk\AppData\Local\Packages\PythonSoftwareFoundation.Python.3.11_qbz5n2kfra8p0\LocalCache\local-packages\Python311\site-packages\aiogram\dispatcher\event\telegram.py", line 121, in trigger
    return await wrapped_inner(event, kwargs)
           ^^^^^^^^^^^^^^^^^^^^^^^^^^^^^^^^^^
  File "C:\Users\vladk\AppData\Local\Packages\PythonSoftwareFoundation.Python.3.11_qbz5n2kfra8p0\LocalCache\local-packages\Python311\site-packages\aiogram\dispatcher\event\handler.py", line 43, in call
    return await wrapped()
           ^^^^^^^^^^^^^^^
  File "d:\code\PYTHON\bot\main.py", line 159, in callback_help
    await callback_query.message.answer(help_text)
  File "C:\Users\vladk\AppData\Local\Packages\PythonSoftwareFoundation.Python.3.11_qbz5n2kfra8p0\LocalCache\local-packages\Python311\site-packages\aiogram\methods\base.py", line 84, in emit
    return await bot(self)
           ^^^^^^^^^^^^^^^
  File "C:\Users\vladk\AppData\Local\Packages\PythonSoftwareFoundation.Python.3.11_qbz5n2kfra8p0\LocalCache\local-packages\Python311\site-packages\aiogram\client\bot.py", line 478, in __call__
    return await self.session(self, method, timeout=request_timeout)
           ^^^^^^^^^^^^^^^^^^^^^^^^^^^^^^^^^^^^^^^^^^^^^^^^^^^^^^^^^
  File "C:\Users\vladk\AppData\Local\Packages\PythonSoftwareFoundation.Python.3.11_qbz5n2kfra8p0\LocalCache\local-packages\Python311\site-packages\aiogram\client\session\base.py", line 254, in __call__
    return cast(TelegramType, await middleware(bot, method))
                              ^^^^^^^^^^^^^^^^^^^^^^^^^^^^^
  File "C:\Users\vladk\AppData\Local\Packages\PythonSoftwareFoundation.Python.3.11_qbz5n2kfra8p0\LocalCache\local-packages\Python311\site-packages\aiogram\client\session\aiohttp.py", line 185, in make_request
    response = self.check_response(
               ^^^^^^^^^^^^^^^^^^^^
  File "C:\Users\vladk\AppData\Local\Packages\PythonSoftwareFoundation.Python.3.11_qbz5n2kfra8p0\LocalCache\local-packages\Python311\site-packages\aiogram\client\session\base.py", line 120, in check_response
    raise TelegramBadRequest(method=method, message=description)
aiogram.exceptions.TelegramBadRequest: Telegram server says - Bad Request: can't parse entities: Unsupported start tag "ip" at byte offset 148
2025-05-31 23:43:02,431 - Start polling
2025-05-31 23:43:02,719 - Run polling for bot @vega_for_marko_bot id=7573240108 - 'V.E.G.A.'
2025-05-31 23:43:13,061 - \u0299r\u1d0f\u1d0b\u1d07n_Dr\u1d07\u1d00\u028d (5071431292): /start
2025-05-31 23:43:13,413 - Update id=144018477 is handled. Duration 358 ms by bot id=7573240108
2025-05-31 23:43:14,595 - \u0299r\u1d0f\u1d0b\u1d07n_Dr\u1d07\u1d00\u028d (5071431292): pressed get_news
2025-05-31 23:43:15,050 - Update id=144018478 is handled. Duration 453 ms by bot id=7573240108
2025-05-31 23:43:36,009 - \u0299r\u1d0f\u1d0b\u1d07n_Dr\u1d07\u1d00\u028d (5071431292): pressed get_news
2025-05-31 23:43:36,649 - Update id=144018479 is handled. Duration 641 ms by bot id=7573240108
2025-05-31 23:43:48,905 - \u0299r\u1d0f\u1d0b\u1d07n_Dr\u1d07\u1d00\u028d (5071431292): pressed check_ip
2025-05-31 23:43:49,211 - Update id=144018480 is handled. Duration 296 ms by bot id=7573240108
2025-05-31 23:43:56,930 - \u0299r\u1d0f\u1d0b\u1d07n_Dr\u1d07\u1d00\u028d (5071431292): pressed help
2025-05-31 23:43:57,141 - Update id=144018481 is handled. Duration 218 ms by bot id=7573240108
2025-05-31 23:44:04,263 - \u0299r\u1d0f\u1d0b\u1d07n_Dr\u1d07\u1d00\u028d (5071431292): /news
2025-05-31 23:44:04,689 - Update id=144018482 is handled. Duration 436 ms by bot id=7573240108
