2025-06-01T00:33:53.983091 | User 5071431292 (ʙrᴏᴋᴇn_Drᴇᴀʍ | @markodeadly) | Message: /start
2025-06-01T00:34:07.343054 | User 5071431292 (ʙrᴏᴋᴇn_Drᴇᴀʍ | @markodeadly) | Message: /latest_news
2025-06-01T00:34:16.964165 | User 5071431292 (ʙrᴏᴋᴇn_Drᴇᴀʍ | @markodeadly) | Message: /cvss_score
2025-06-01T00:34:21.769094 | User 5071431292 (ʙrᴏᴋᴇn_Drᴇᴀʍ | @markodeadly) | Message: /tips
2025-06-01T00:37:57.139838 | User 5071431292 (ʙrᴏᴋᴇn_Drᴇᴀʍ | @markodeadly) | Message: /start
2025-06-01T00:37:59.198234 | Bot sent: Привет! Я бот по информационной безопасности.
Вот мои команды:
/latest_news — последние новости по инфобезу
/cvss_score — краткая информация по CVSS
/tips — советы по защите данных

2025-06-01T00:38:04.943550 | User 5071431292 (ʙrᴏᴋᴇn_Drᴇᴀʍ | @markodeadly) | Message: /latest_news
2025-06-01T00:38:05.177267 | Bot sent: Пожалуйста, подождите, получаю последние новости...
2025-06-01T00:38:05.885027 | Bot sent: Ошибка при получении новостей: 403 Client Error: Forbidden for url: https://www.darkreading.com/
2025-06-01T00:38:08.155136 | User 5071431292 (ʙrᴏᴋᴇn_Drᴇᴀʍ | @markodeadly) | Message: /cvss_score
2025-06-01T00:38:08.427096 | Bot sent: Получаю информацию о CVSS...
2025-06-01T00:38:09.167680 | Bot sent: Информация о CVSS недоступна.
2025-06-01T00:38:14.948847 | User 5071431292 (ʙrᴏᴋᴇn_Drᴇᴀʍ | @markodeadly) | Message: /tips
2025-06-01T00:38:15.143899 | Bot sent: 1. Используйте сложные пароли и двухфакторную аутентификацию.
2. Регулярно обновляйте софт и операционную систему.
3. Не открывайте подозрительные ссылки и вложения.
4. Используйте антивирус и файрволл.
5. Шифруйте важные данные и резервные копии.
2025-06-01T00:47:25.644489 | User 5071431292 (ʙrᴏᴋᴇn_Drᴇᴀʍ | @markodeadly) | Message: /latest_news
2025-06-01T00:47:26.249147 | Bot sent: Пожалуйста, подождите, получаю последние новости...
2025-06-01T00:47:26.936789 | Bot sent: Ошибка при получении новостей: 401 Client Error: Unauthorized for url: https://www.securitylab.ru/
2025-06-01T00:49:39.196865 | User 5071431292 (ʙrᴏᴋᴇn_Drᴇᴀʍ | @markodeadly) | Message: /latest_news
2025-06-01T00:49:40.672305 | Bot sent: Пожалуйста, подождите, получаю последние новости...
2025-06-01T00:49:41.978296 | Bot sent: • Как повлияет искусственный интеллект на информационную безопасность или мечтают ли андроиды об электроовцах?
https://www.securitylab.ru/analytics/559930.php
🕒 13:10 / 31 мая, 2025

• Кибератака на Белый дом с использованием ИИ стала ударом по репутации США
https://www.securitylab.ru/news/559927.php
🕒 11:53 / 31 мая, 2025

• ИИ показал хакерам, кто тут босс
https://www.securitylab.ru/news/559923.php
🕒 09:53 / 31 мая, 2025

• Приняли все cookie? Тогда держитесь: вот что с вами делают
https://www.securitylab.ru/analytics/559449.php
🕒 17:20 / 30 мая, 2025

• Один баг в ASP.NET — и в облако ConnectWise зашли чужие спецслужбы
https://www.securitylab.ru/news/559906.php
🕒 13:23 / 30 мая, 2025
2025-06-01T00:54:07.307098 | User 5071431292 (ʙrᴏᴋᴇn_Drᴇᴀʍ | @markodeadly) | Message: /cvss_score
2025-06-01T00:54:07.680717 | Bot sent: Получаю информацию о CVSS...
2025-06-01T00:54:08.341069 | Bot sent: Member
Portal
About FIRST
Mission Statement
Strategy Framework
History
Sustainable Development Goals
Organization
Board of Directors
Operations Team
Community & Capacity Building
Event Office
Executive Director
Infrastructure
Secretariat
Committees
Compensation Committee
Conference Program Committee
Membership Committee
Rules Committee
Standards Committee
Annual General Meeting
Annual Reports and Tax Filings
FIRST Policies
Anti-Corruption Policy
Antitrust Policy
Bylaws
Board duties
Bug Bounty Program
Code of Conduct
Conflict of Interest Policy
Document Record Retention and Destruction Policy
FIRST Press Policy
General Event Registration Refund Policy
Guidelines for Site Selection for all FIR...
2025-06-01T00:59:59.748723 | User 5071431292 (ʙrᴏᴋᴇn_Drᴇᴀʍ | @markodeadly) | Message: /cvss_score
2025-06-01T00:59:59.977762 | Bot sent: Получаю информацию о CVSS...
2025-06-01T01:00:01.645401 | Bot sent: Member
Portal
About FIRST
Mission Statement
Strategy Framework
History
Sustainable Development Goals
Organization
Board of Directors
Operations Team
Community & Capacity Building
Event Office
Executive Director
Infrastructure
Secretariat
Committees
Compensation Committee
Conference Program Committee
Membership Committee
Rules Committee
Standards Committee
Annual General Meeting
Annual Reports and Tax Filings
FIRST Policies
Anti-Corruption Policy
Antitrust Policy
Bylaws
Board duties
Bug Bounty Program
Code of Conduct
Conflict of Interest Policy
Document Record Retention and Destruction Policy
FIRST Press Policy
General Event Registration Refund Policy
Guidelines for Site Selection for all FIR...
2025-06-01T01:00:09.103358 | User 5071431292 (ʙrᴏᴋᴇn_Drᴇᴀʍ | @markodeadly) | Message: /tips
2025-06-01T01:00:09.291557 | Bot sent: 1. Используйте сложные пароли и двухфакторную аутентификацию.
2. Регулярно обновляйте софт и операционную систему.
3. Не открывайте подозрительные ссылки и вложения.
4. Используйте антивирус и файрволл.
5. Шифруйте важные данные и резервные копии.
2025-06-01T01:00:13.393643 | User 5071431292 (ʙrᴏᴋᴇn_Drᴇᴀʍ | @markodeadly) | Message: /latest_news
2025-06-01T01:00:13.669265 | Bot sent: Пожалуйста, подождите, получаю последние новости...
2025-06-01T01:00:14.690005 | Bot sent: • Как повлияет искусственный интеллект на информационную безопасность или мечтают ли андроиды об электроовцах?
https://www.securitylab.ru/analytics/559930.php
🕒 13:10 / 31 мая, 2025

• Кибератака на Белый дом с использованием ИИ стала ударом по репутации США
https://www.securitylab.ru/news/559927.php
🕒 11:53 / 31 мая, 2025

• ИИ показал хакерам, кто тут босс
https://www.securitylab.ru/news/559923.php
🕒 09:53 / 31 мая, 2025

• Приняли все cookie? Тогда держитесь: вот что с вами делают
https://www.securitylab.ru/analytics/559449.php
🕒 17:20 / 30 мая, 2025

• Один баг в ASP.NET — и в облако ConnectWise зашли чужие спецслужбы
https://www.securitylab.ru/news/559906.php
🕒 13:23 / 30 мая, 2025
