2025-06-01T00:50:29.786172 | User 1545488158 (Alex | @SashaLis44) | Message: /start
2025-06-01T00:50:29.981912 | Bot sent: Привет! Я бот по информационной безопасности.
Вот мои команды:
/latest_news — последние новости по инфобезу
/cvss_score — краткая информация по CVSS
/tips — советы по защите данных

2025-06-01T00:50:40.528203 | User 1545488158 (Alex | @SashaLis44) | Message: /cvss_score
2025-06-01T00:50:40.824540 | Bot sent: Получаю информацию о CVSS...
2025-06-01T00:50:41.419101 | Bot sent: Информация о CVSS недоступна.
2025-06-01T00:50:52.152212 | User 1545488158 (Alex | @SashaLis44) | Message: /latest_news
2025-06-01T00:50:52.338745 | Bot sent: Пожалуйста, подождите, получаю последние новости...
2025-06-01T00:50:52.864814 | Bot sent: • Как повлияет искусственный интеллект на информационную безопасность или мечтают ли андроиды об электроовцах?
https://www.securitylab.ru/analytics/559930.php
🕒 13:10 / 31 мая, 2025

• Кибератака на Белый дом с использованием ИИ стала ударом по репутации США
https://www.securitylab.ru/news/559927.php
🕒 11:53 / 31 мая, 2025

• ИИ показал хакерам, кто тут босс
https://www.securitylab.ru/news/559923.php
🕒 09:53 / 31 мая, 2025

• Приняли все cookie? Тогда держитесь: вот что с вами делают
https://www.securitylab.ru/analytics/559449.php
🕒 17:20 / 30 мая, 2025

• Один баг в ASP.NET — и в облако ConnectWise зашли чужие спецслужбы
https://www.securitylab.ru/news/559906.php
🕒 13:23 / 30 мая, 2025
2025-06-01T00:50:57.986649 | User 1545488158 (Alex | @SashaLis44) | Message: /tips
2025-06-01T00:50:58.302109 | Bot sent: 1. Используйте сложные пароли и двухфакторную аутентификацию.
2. Регулярно обновляйте софт и операционную систему.
3. Не открывайте подозрительные ссылки и вложения.
4. Используйте антивирус и файрволл.
5. Шифруйте важные данные и резервные копии.
